# JRE version: OpenJDK Runtime Environment Microsoft-9889599 (17.0.12+7) (build 17.0.12+7-LTS)
# Java VM: OpenJDK 64-Bit Server VM Microsoft-9889599 (17.0.12+7-LTS, mixed mode, sharing, tiered, compressed oops, compressed class ptrs, g1 gc, windows-amd64)
GC Precious Log:
 CPUs: 4 total, 4 available
 Memory: 7834M
 Large Page Support: Disabled
 NUMA Support: Disabled
 Compressed Oops: Enabled (32-bit)
 Heap Region Size: 1M
 Heap Min Capacity: 8M
 Heap Initial Capacity: 124M
 Heap Max Capacity: 2G
 Pre-touch: Disabled
 Parallel Workers: 4
 Concurrent Workers: 1
 Concurrent Refinement Workers: 4
 Periodic GC: Disabled
Heap:
 garbage-first heap   total 282624K, used 229461K [0x0000000080000000, 0x0000000100000000)
  region size 1024K, 47 young (48128K), 5 survivors (5120K)
 Metaspace       used 104614K, committed 105728K, reserved 557056K
  class space    used 14659K, committed 15168K, reserved 425984K
GC Heap History (20 events):
Event: 58.914 GC heap before
{Heap before GC invocations=49 (full 0):
 garbage-first heap   total 224256K, used 189306K [0x0000000080000000, 0x0000000100000000)
  region size 1024K, 28 young (28672K), 3 survivors (3072K)
 Metaspace       used 100629K, committed 101696K, reserved 557056K
  class space    used 14139K, committed 14656K, reserved 425984K
}
Event: 58.921 GC heap after
{Heap after GC invocations=50 (full 0):
 garbage-first heap   total 224256K, used 165033K [0x0000000080000000, 0x0000000100000000)
  region size 1024K, 4 young (4096K), 4 survivors (4096K)
 Metaspace       used 100629K, committed 101696K, reserved 557056K
  class space    used 14139K, committed 14656K, reserved 425984K
}
Event: 60.972 GC heap before
{Heap before GC invocations=50 (full 0):
 garbage-first heap   total 224256K, used 190633K [0x0000000080000000, 0x0000000100000000)
  region size 1024K, 29 young (29696K), 4 survivors (4096K)
 Metaspace       used 101922K, committed 103040K, reserved 557056K
  class space    used 14326K, committed 14848K, reserved 425984K
}
Event: 60.980 GC heap after
{Heap after GC invocations=51 (full 0):
 garbage-first heap   total 224256K, used 166491K [0x0000000080000000, 0x0000000100000000)
  region size 1024K, 3 young (3072K), 3 survivors (3072K)
 Metaspace       used 101922K, committed 103040K, reserved 557056K
  class space    used 14326K, committed 14848K, reserved 425984K
}
Event: 62.935 GC heap before
{Heap before GC invocations=51 (full 0):
 garbage-first heap   total 224256K, used 191067K [0x0000000080000000, 0x0000000100000000)
  region size 1024K, 28 young (28672K), 3 survivors (3072K)
 Metaspace       used 103288K, committed 104384K, reserved 557056K
  class space    used 14493K, committed 14976K, reserved 425984K
}
Event: 62.943 GC heap after
{Heap after GC invocations=52 (full 0):
 garbage-first heap   total 224256K, used 167799K [0x0000000080000000, 0x0000000100000000)
  region size 1024K, 3 young (3072K), 3 survivors (3072K)
 Metaspace       used 103288K, committed 104384K, reserved 557056K
  class space    used 14493K, committed 14976K, reserved 425984K
}
Event: 64.011 GC heap before
{Heap before GC invocations=52 (full 0):
 garbage-first heap   total 224256K, used 192375K [0x0000000080000000, 0x0000000100000000)
  region size 1024K, 27 young (27648K), 3 survivors (3072K)
 Metaspace       used 104352K, committed 105472K, reserved 557056K
  class space    used 14635K, committed 15168K, reserved 425984K
}
Event: 64.024 GC heap after
{Heap after GC invocations=53 (full 0):
 garbage-first heap   total 224256K, used 170399K [0x0000000080000000, 0x0000000100000000)
  region size 1024K, 4 young (4096K), 4 survivors (4096K)
 Metaspace       used 104352K, committed 105472K, reserved 557056K
  class space    used 14635K, committed 15168K, reserved 425984K
}
Event: 64.403 GC heap before
{Heap before GC invocations=53 (full 0):
 garbage-first heap   total 224256K, used 193951K [0x0000000080000000, 0x0000000100000000)
  region size 1024K, 27 young (27648K), 4 survivors (4096K)
 Metaspace       used 104409K, committed 105536K, reserved 557056K
  class space    used 14641K, committed 15168K, reserved 425984K
}
Event: 64.415 GC heap after
{Heap after GC invocations=54 (full 0):
 garbage-first heap   total 224256K, used 174525K [0x0000000080000000, 0x0000000100000000)
  region size 1024K, 4 young (4096K), 4 survivors (4096K)
 Metaspace       used 104409K, committed 105536K, reserved 557056K
  class space    used 14641K, committed 15168K, reserved 425984K
}
Event: 64.779 GC heap before
{Heap before GC invocations=54 (full 0):
 garbage-first heap   total 224256K, used 193981K [0x0000000080000000, 0x0000000100000000)
  region size 1024K, 23 young (23552K), 4 survivors (4096K)
 Metaspace       used 104437K, committed 105536K, reserved 557056K
  class space    used 14643K, committed 15168K, reserved 425984K
}
Event: 64.787 GC heap after
{Heap after GC invocations=55 (full 0):
 garbage-first heap   total 224256K, used 178176K [0x0000000080000000, 0x0000000100000000)
  region size 1024K, 3 young (3072K), 3 survivors (3072K)
 Metaspace       used 104437K, committed 105536K, reserved 557056K
  class space    used 14643K, committed 15168K, reserved 425984K
}
Event: 64.950 GC heap before
{Heap before GC invocations=55 (full 0):
 garbage-first heap   total 224256K, used 194560K [0x0000000080000000, 0x0000000100000000)
  region size 1024K, 19 young (19456K), 3 survivors (3072K)
 Metaspace       used 104457K, committed 105536K, reserved 557056K
  class space    used 14643K, committed 15168K, reserved 425984K
}
Event: 64.958 GC heap after
{Heap after GC invocations=56 (full 0):
 garbage-first heap   total 224256K, used 181457K [0x0000000080000000, 0x0000000100000000)
  region size 1024K, 3 young (3072K), 3 survivors (3072K)
 Metaspace       used 104457K, committed 105536K, reserved 557056K
  class space    used 14643K, committed 15168K, reserved 425984K
}
Event: 65.125 GC heap before
{Heap before GC invocations=56 (full 0):
 garbage-first heap   total 224256K, used 194769K [0x0000000080000000, 0x0000000100000000)
  region size 1024K, 16 young (16384K), 3 survivors (3072K)
 Metaspace       used 104501K, committed 105600K, reserved 557056K
  class space    used 14646K, committed 15168K, reserved 425984K
}
Event: 65.133 GC heap after
{Heap after GC invocations=57 (full 0):
 garbage-first heap   total 224256K, used 184124K [0x0000000080000000, 0x0000000100000000)
  region size 1024K, 2 young (2048K), 2 survivors (2048K)
 Metaspace       used 104501K, committed 105600K, reserved 557056K
  class space    used 14646K, committed 15168K, reserved 425984K
}
Event: 65.625 GC heap before
{Heap before GC invocations=57 (full 0):
 garbage-first heap   total 224256K, used 195388K [0x0000000080000000, 0x0000000100000000)
  region size 1024K, 13 young (13312K), 2 survivors (2048K)
 Metaspace       used 104549K, committed 105600K, reserved 557056K
  class space    used 14651K, committed 15168K, reserved 425984K
}
Event: 65.636 GC heap after
{Heap after GC invocations=58 (full 0):
 garbage-first heap   total 282624K, used 186030K [0x0000000080000000, 0x0000000100000000)
  region size 1024K, 2 young (2048K), 2 survivors (2048K)
 Metaspace       used 104549K, committed 105600K, reserved 557056K
  class space    used 14651K, committed 15168K, reserved 425984K
}
Event: 68.906 GC heap before
{Heap before GC invocations=58 (full 0):
 garbage-first heap   total 282624K, used 232110K [0x0000000080000000, 0x0000000100000000)
  region size 1024K, 48 young (49152K), 2 survivors (2048K)
 Metaspace       used 104549K, committed 105600K, reserved 557056K
  class space    used 14651K, committed 15168K, reserved 425984K
}
Event: 68.913 GC heap after
{Heap after GC invocations=59 (full 0):
 garbage-first heap   total 282624K, used 188501K [0x0000000080000000, 0x0000000100000000)
  region size 1024K, 5 young (5120K), 5 survivors (5120K)
 Metaspace       used 104549K, committed 105600K, reserved 557056K
  class space    used 14651K, committed 15168K, reserved 425984K
}

